The system is: Linux - 2.6.9_5-9-0-0 - x86_64
Compiling the C compiler identification source file "CMakeCCompilerId.c" succeeded.
Compiler: /usr/bin/cc 
Build flags: 
Id flags: 

The output was:
0


Compilation of the C compiler identification source "CMakeCCompilerId.c" produced "a.out"

The C compiler identification is GNU, found in "/home/zhangchunyang/crawler/src/CMakeFiles/2.8.12.1/CompilerIdC/a.out"

Compiling the CXX compiler identification source file "CMakeCXXCompilerId.cpp" succeeded.
Compiler: /usr/bin/c++ 
Build flags: 
Id flags: 

The output was:
0


Compilation of the CXX compiler identification source "CMakeCXXCompilerId.cpp" produced "a.out"

The CXX compiler identification is GNU, found in "/home/zhangchunyang/crawler/src/CMakeFiles/2.8.12.1/CompilerIdCXX/a.out"

Determining if the C compiler works passed with the following output:
Change Dir: /home/zhangchunyang/crawler/src/CMakeFiles/CMakeTmp

Run Build Command:/usr/bin/gmake "cmTryCompileExec452704757/fast"
/usr/bin/gmake -f CMakeFiles/cmTryCompileExec452704757.dir/build.make CMakeFiles/cmTryCompileExec452704757.dir/build
gmake[1]: Entering directory `/home/zhangchunyang/crawler/src/CMakeFiles/CMakeTmp'
/usr/local/bin/cmake -E cmake_progress_report /home/zhangchunyang/crawler/src/CMakeFiles/CMakeTmp/CMakeFiles 1
Building C object CMakeFiles/cmTryCompileExec452704757.dir/testCCompiler.c.o
/usr/bin/cc    -o CMakeFiles/cmTryCompileExec452704757.dir/testCCompiler.c.o   -c /home/zhangchunyang/crawler/src/CMakeFiles/CMakeTmp/testCCompiler.c
Linking C executable cmTryCompileExec452704757
/usr/local/bin/cmake -E cmake_link_script CMakeFiles/cmTryCompileExec452704757.dir/link.txt --verbose=1
/usr/bin/cc       CMakeFiles/cmTryCompileExec452704757.dir/testCCompiler.c.o  -o cmTryCompileExec452704757 -rdynamic 
gmake[1]: Leaving directory `/home/zhangchunyang/crawler/src/CMakeFiles/CMakeTmp'


Detecting C compiler ABI info compiled with the following output:
Change Dir: /home/zhangchunyang/crawler/src/CMakeFiles/CMakeTmp

Run Build Command:/usr/bin/gmake "cmTryCompileExec134423537/fast"
/usr/bin/gmake -f CMakeFiles/cmTryCompileExec134423537.dir/build.make CMakeFiles/cmTryCompileExec134423537.dir/build
gmake[1]: Entering directory `/home/zhangchunyang/crawler/src/CMakeFiles/CMakeTmp'
/usr/local/bin/cmake -E cmake_progress_report /home/zhangchunyang/crawler/src/CMakeFiles/CMakeTmp/CMakeFiles 1
Building C object CMakeFiles/cmTryCompileExec134423537.dir/CMakeCCompilerABI.c.o
/usr/bin/cc    -o CMakeFiles/cmTryCompileExec134423537.dir/CMakeCCompilerABI.c.o   -c /usr/local/share/cmake-2.8/Modules/CMakeCCompilerABI.c
Linking C executable cmTryCompileExec134423537
/usr/local/bin/cmake -E cmake_link_script CMakeFiles/cmTryCompileExec134423537.dir/link.txt --verbose=1
/usr/bin/cc     -v CMakeFiles/cmTryCompileExec134423537.dir/CMakeCCompilerABI.c.o  -o cmTryCompileExec134423537 -rdynamic  
Reading specs from /usr/lib/gcc/x86_64-redhat-linux/3.4.6/specs
Configured with: ../configure --prefix=/usr --mandir=/usr/share/man --infodir=/usr/share/info --enable-shared --enable-threads=posix --disable-checking --with-system-zlib --enable-__cxa_atexit --disable-libunwind-exceptions --enable-java-awt=gtk --host=x86_64-redhat-linux
Thread model: posix
gcc version 3.4.6 20060404 (Red Hat 3.4.6-3)
 /usr/libexec/gcc/x86_64-redhat-linux/3.4.6/collect2 --eh-frame-hdr -m elf_x86_64 -export-dynamic -dynamic-linker /lib64/ld-linux-x86-64.so.2 -o cmTryCompileExec134423537 /usr/lib/gcc/x86_64-redhat-linux/3.4.6/../../../../lib64/crt1.o /usr/lib/gcc/x86_64-redhat-linux/3.4.6/../../../../lib64/crti.o /usr/lib/gcc/x86_64-redhat-linux/3.4.6/crtbegin.o -L/usr/lib/gcc/x86_64-redhat-linux/3.4.6 -L/usr/lib/gcc/x86_64-redhat-linux/3.4.6 -L/usr/lib/gcc/x86_64-redhat-linux/3.4.6/../../../../lib64 -L/usr/lib/gcc/x86_64-redhat-linux/3.4.6/../../.. -L/lib/../lib64 -L/usr/lib/../lib64 CMakeFiles/cmTryCompileExec134423537.dir/CMakeCCompilerABI.c.o -lgcc --as-needed -lgcc_s --no-as-needed -lc -lgcc --as-needed -lgcc_s --no-as-needed /usr/lib/gcc/x86_64-redhat-linux/3.4.6/crtend.o /usr/lib/gcc/x86_64-redhat-linux/3.4.6/../../../../lib64/crtn.o
gmake[1]: Leaving directory `/home/zhangchunyang/crawler/src/CMakeFiles/CMakeTmp'


Parsed C implicit link information from above output:
  link line regex: [^( *|.*[/\])(ld|([^/\]+-)?ld|collect2)[^/\]*( |$)]
  ignore line: [Change Dir: /home/zhangchunyang/crawler/src/CMakeFiles/CMakeTmp]
  ignore line: []
  ignore line: [Run Build Command:/usr/bin/gmake "cmTryCompileExec134423537/fast"]
  ignore line: [/usr/bin/gmake -f CMakeFiles/cmTryCompileExec134423537.dir/build.make CMakeFiles/cmTryCompileExec134423537.dir/build]
  ignore line: [gmake[1]: Entering directory `/home/zhangchunyang/crawler/src/CMakeFiles/CMakeTmp']
  ignore line: [/usr/local/bin/cmake -E cmake_progress_report /home/zhangchunyang/crawler/src/CMakeFiles/CMakeTmp/CMakeFiles 1]
  ignore line: [Building C object CMakeFiles/cmTryCompileExec134423537.dir/CMakeCCompilerABI.c.o]
  ignore line: [/usr/bin/cc    -o CMakeFiles/cmTryCompileExec134423537.dir/CMakeCCompilerABI.c.o   -c /usr/local/share/cmake-2.8/Modules/CMakeCCompilerABI.c]
  ignore line: [Linking C executable cmTryCompileExec134423537]
  ignore line: [/usr/local/bin/cmake -E cmake_link_script CMakeFiles/cmTryCompileExec134423537.dir/link.txt --verbose=1]
  ignore line: [/usr/bin/cc     -v CMakeFiles/cmTryCompileExec134423537.dir/CMakeCCompilerABI.c.o  -o cmTryCompileExec134423537 -rdynamic  ]
  ignore line: [Reading specs from /usr/lib/gcc/x86_64-redhat-linux/3.4.6/specs]
  ignore line: [Configured with: ../configure --prefix=/usr --mandir=/usr/share/man --infodir=/usr/share/info --enable-shared --enable-threads=posix --disable-checking --with-system-zlib --enable-__cxa_atexit --disable-libunwind-exceptions --enable-java-awt=gtk --host=x86_64-redhat-linux]
  ignore line: [Thread model: posix]
  ignore line: [gcc version 3.4.6 20060404 (Red Hat 3.4.6-3)]
  link line: [ /usr/libexec/gcc/x86_64-redhat-linux/3.4.6/collect2 --eh-frame-hdr -m elf_x86_64 -export-dynamic -dynamic-linker /lib64/ld-linux-x86-64.so.2 -o cmTryCompileExec134423537 /usr/lib/gcc/x86_64-redhat-linux/3.4.6/../../../../lib64/crt1.o /usr/lib/gcc/x86_64-redhat-linux/3.4.6/../../../../lib64/crti.o /usr/lib/gcc/x86_64-redhat-linux/3.4.6/crtbegin.o -L/usr/lib/gcc/x86_64-redhat-linux/3.4.6 -L/usr/lib/gcc/x86_64-redhat-linux/3.4.6 -L/usr/lib/gcc/x86_64-redhat-linux/3.4.6/../../../../lib64 -L/usr/lib/gcc/x86_64-redhat-linux/3.4.6/../../.. -L/lib/../lib64 -L/usr/lib/../lib64 CMakeFiles/cmTryCompileExec134423537.dir/CMakeCCompilerABI.c.o -lgcc --as-needed -lgcc_s --no-as-needed -lc -lgcc --as-needed -lgcc_s --no-as-needed /usr/lib/gcc/x86_64-redhat-linux/3.4.6/crtend.o /usr/lib/gcc/x86_64-redhat-linux/3.4.6/../../../../lib64/crtn.o]
    arg [/usr/libexec/gcc/x86_64-redhat-linux/3.4.6/collect2] ==> ignore
    arg [--eh-frame-hdr] ==> ignore
    arg [-m] ==> ignore
    arg [elf_x86_64] ==> ignore
    arg [-export-dynamic] ==> ignore
    arg [-dynamic-linker] ==> ignore
    arg [/lib64/ld-linux-x86-64.so.2] ==> ignore
    arg [-o] ==> ignore
    arg [cmTryCompileExec134423537] ==> ignore
    arg [/usr/lib/gcc/x86_64-redhat-linux/3.4.6/../../../../lib64/crt1.o] ==> ignore
    arg [/usr/lib/gcc/x86_64-redhat-linux/3.4.6/../../../../lib64/crti.o] ==> ignore
    arg [/usr/lib/gcc/x86_64-redhat-linux/3.4.6/crtbegin.o] ==> ignore
    arg [-L/usr/lib/gcc/x86_64-redhat-linux/3.4.6] ==> dir [/usr/lib/gcc/x86_64-redhat-linux/3.4.6]
    arg [-L/usr/lib/gcc/x86_64-redhat-linux/3.4.6] ==> dir [/usr/lib/gcc/x86_64-redhat-linux/3.4.6]
    arg [-L/usr/lib/gcc/x86_64-redhat-linux/3.4.6/../../../../lib64] ==> dir [/usr/lib/gcc/x86_64-redhat-linux/3.4.6/../../../../lib64]
    arg [-L/usr/lib/gcc/x86_64-redhat-linux/3.4.6/../../..] ==> dir [/usr/lib/gcc/x86_64-redhat-linux/3.4.6/../../..]
    arg [-L/lib/../lib64] ==> dir [/lib/../lib64]
    arg [-L/usr/lib/../lib64] ==> dir [/usr/lib/../lib64]
    arg [CMakeFiles/cmTryCompileExec134423537.dir/CMakeCCompilerABI.c.o] ==> ignore
    arg [-lgcc] ==> lib [gcc]
    arg [--as-needed] ==> ignore
    arg [-lgcc_s] ==> lib [gcc_s]
    arg [--no-as-needed] ==> ignore
    arg [-lc] ==> lib [c]
    arg [-lgcc] ==> lib [gcc]
    arg [--as-needed] ==> ignore
    arg [-lgcc_s] ==> lib [gcc_s]
    arg [--no-as-needed] ==> ignore
    arg [/usr/lib/gcc/x86_64-redhat-linux/3.4.6/crtend.o] ==> ignore
    arg [/usr/lib/gcc/x86_64-redhat-linux/3.4.6/../../../../lib64/crtn.o] ==> ignore
  remove lib [gcc]
  remove lib [gcc_s]
  remove lib [gcc]
  remove lib [gcc_s]
  collapse library dir [/usr/lib/gcc/x86_64-redhat-linux/3.4.6] ==> [/usr/lib/gcc/x86_64-redhat-linux/3.4.6]
  collapse library dir [/usr/lib/gcc/x86_64-redhat-linux/3.4.6] ==> [/usr/lib/gcc/x86_64-redhat-linux/3.4.6]
  collapse library dir [/usr/lib/gcc/x86_64-redhat-linux/3.4.6/../../../../lib64] ==> [/usr/lib64]
  collapse library dir [/usr/lib/gcc/x86_64-redhat-linux/3.4.6/../../..] ==> [/usr/lib]
  collapse library dir [/lib/../lib64] ==> [/lib64]
  collapse library dir [/usr/lib/../lib64] ==> [/usr/lib64]
  implicit libs: [c]
  implicit dirs: [/usr/lib/gcc/x86_64-redhat-linux/3.4.6;/usr/lib64;/usr/lib;/lib64]
  implicit fwks: []


Determining if the CXX compiler works passed with the following output:
Change Dir: /home/zhangchunyang/crawler/src/CMakeFiles/CMakeTmp

Run Build Command:/usr/bin/gmake "cmTryCompileExec2462390515/fast"
/usr/bin/gmake -f CMakeFiles/cmTryCompileExec2462390515.dir/build.make CMakeFiles/cmTryCompileExec2462390515.dir/build
gmake[1]: Entering directory `/home/zhangchunyang/crawler/src/CMakeFiles/CMakeTmp'
/usr/local/bin/cmake -E cmake_progress_report /home/zhangchunyang/crawler/src/CMakeFiles/CMakeTmp/CMakeFiles 1
Building CXX object CMakeFiles/cmTryCompileExec2462390515.dir/testCXXCompiler.cxx.o
/usr/bin/c++     -o CMakeFiles/cmTryCompileExec2462390515.dir/testCXXCompiler.cxx.o -c /home/zhangchunyang/crawler/src/CMakeFiles/CMakeTmp/testCXXCompiler.cxx
Linking CXX executable cmTryCompileExec2462390515
/usr/local/bin/cmake -E cmake_link_script CMakeFiles/cmTryCompileExec2462390515.dir/link.txt --verbose=1
/usr/bin/c++        CMakeFiles/cmTryCompileExec2462390515.dir/testCXXCompiler.cxx.o  -o cmTryCompileExec2462390515 -rdynamic 
gmake[1]: Leaving directory `/home/zhangchunyang/crawler/src/CMakeFiles/CMakeTmp'


Detecting CXX compiler ABI info compiled with the following output:
Change Dir: /home/zhangchunyang/crawler/src/CMakeFiles/CMakeTmp

Run Build Command:/usr/bin/gmake "cmTryCompileExec2648590368/fast"
/usr/bin/gmake -f CMakeFiles/cmTryCompileExec2648590368.dir/build.make CMakeFiles/cmTryCompileExec2648590368.dir/build
gmake[1]: Entering directory `/home/zhangchunyang/crawler/src/CMakeFiles/CMakeTmp'
/usr/local/bin/cmake -E cmake_progress_report /home/zhangchunyang/crawler/src/CMakeFiles/CMakeTmp/CMakeFiles 1
Building CXX object CMakeFiles/cmTryCompileExec2648590368.dir/CMakeCXXCompilerABI.cpp.o
/usr/bin/c++     -o CMakeFiles/cmTryCompileExec2648590368.dir/CMakeCXXCompilerABI.cpp.o -c /usr/local/share/cmake-2.8/Modules/CMakeCXXCompilerABI.cpp
Linking CXX executable cmTryCompileExec2648590368
/usr/local/bin/cmake -E cmake_link_script CMakeFiles/cmTryCompileExec2648590368.dir/link.txt --verbose=1
/usr/bin/c++      -v CMakeFiles/cmTryCompileExec2648590368.dir/CMakeCXXCompilerABI.cpp.o  -o cmTryCompileExec2648590368 -rdynamic  
Reading specs from /usr/lib/gcc/x86_64-redhat-linux/3.4.6/specs
Configured with: ../configure --prefix=/usr --mandir=/usr/share/man --infodir=/usr/share/info --enable-shared --enable-threads=posix --disable-checking --with-system-zlib --enable-__cxa_atexit --disable-libunwind-exceptions --enable-java-awt=gtk --host=x86_64-redhat-linux
Thread model: posix
gcc version 3.4.6 20060404 (Red Hat 3.4.6-3)
 /usr/libexec/gcc/x86_64-redhat-linux/3.4.6/collect2 --eh-frame-hdr -m elf_x86_64 -export-dynamic -dynamic-linker /lib64/ld-linux-x86-64.so.2 -o cmTryCompileExec2648590368 /usr/lib/gcc/x86_64-redhat-linux/3.4.6/../../../../lib64/crt1.o /usr/lib/gcc/x86_64-redhat-linux/3.4.6/../../../../lib64/crti.o /usr/lib/gcc/x86_64-redhat-linux/3.4.6/crtbegin.o -L/usr/lib/gcc/x86_64-redhat-linux/3.4.6 -L/usr/lib/gcc/x86_64-redhat-linux/3.4.6 -L/usr/lib/gcc/x86_64-redhat-linux/3.4.6/../../../../lib64 -L/usr/lib/gcc/x86_64-redhat-linux/3.4.6/../../.. -L/lib/../lib64 -L/usr/lib/../lib64 CMakeFiles/cmTryCompileExec2648590368.dir/CMakeCXXCompilerABI.cpp.o -lstdc++ -lm -lgcc_s -lgcc -lc -lgcc_s -lgcc /usr/lib/gcc/x86_64-redhat-linux/3.4.6/crtend.o /usr/lib/gcc/x86_64-redhat-linux/3.4.6/../../../../lib64/crtn.o
gmake[1]: Leaving directory `/home/zhangchunyang/crawler/src/CMakeFiles/CMakeTmp'


Parsed CXX implicit link information from above output:
  link line regex: [^( *|.*[/\])(ld|([^/\]+-)?ld|collect2)[^/\]*( |$)]
  ignore line: [Change Dir: /home/zhangchunyang/crawler/src/CMakeFiles/CMakeTmp]
  ignore line: []
  ignore line: [Run Build Command:/usr/bin/gmake "cmTryCompileExec2648590368/fast"]
  ignore line: [/usr/bin/gmake -f CMakeFiles/cmTryCompileExec2648590368.dir/build.make CMakeFiles/cmTryCompileExec2648590368.dir/build]
  ignore line: [gmake[1]: Entering directory `/home/zhangchunyang/crawler/src/CMakeFiles/CMakeTmp']
  ignore line: [/usr/local/bin/cmake -E cmake_progress_report /home/zhangchunyang/crawler/src/CMakeFiles/CMakeTmp/CMakeFiles 1]
  ignore line: [Building CXX object CMakeFiles/cmTryCompileExec2648590368.dir/CMakeCXXCompilerABI.cpp.o]
  ignore line: [/usr/bin/c++     -o CMakeFiles/cmTryCompileExec2648590368.dir/CMakeCXXCompilerABI.cpp.o -c /usr/local/share/cmake-2.8/Modules/CMakeCXXCompilerABI.cpp]
  ignore line: [Linking CXX executable cmTryCompileExec2648590368]
  ignore line: [/usr/local/bin/cmake -E cmake_link_script CMakeFiles/cmTryCompileExec2648590368.dir/link.txt --verbose=1]
  ignore line: [/usr/bin/c++      -v CMakeFiles/cmTryCompileExec2648590368.dir/CMakeCXXCompilerABI.cpp.o  -o cmTryCompileExec2648590368 -rdynamic  ]
  ignore line: [Reading specs from /usr/lib/gcc/x86_64-redhat-linux/3.4.6/specs]
  ignore line: [Configured with: ../configure --prefix=/usr --mandir=/usr/share/man --infodir=/usr/share/info --enable-shared --enable-threads=posix --disable-checking --with-system-zlib --enable-__cxa_atexit --disable-libunwind-exceptions --enable-java-awt=gtk --host=x86_64-redhat-linux]
  ignore line: [Thread model: posix]
  ignore line: [gcc version 3.4.6 20060404 (Red Hat 3.4.6-3)]
  link line: [ /usr/libexec/gcc/x86_64-redhat-linux/3.4.6/collect2 --eh-frame-hdr -m elf_x86_64 -export-dynamic -dynamic-linker /lib64/ld-linux-x86-64.so.2 -o cmTryCompileExec2648590368 /usr/lib/gcc/x86_64-redhat-linux/3.4.6/../../../../lib64/crt1.o /usr/lib/gcc/x86_64-redhat-linux/3.4.6/../../../../lib64/crti.o /usr/lib/gcc/x86_64-redhat-linux/3.4.6/crtbegin.o -L/usr/lib/gcc/x86_64-redhat-linux/3.4.6 -L/usr/lib/gcc/x86_64-redhat-linux/3.4.6 -L/usr/lib/gcc/x86_64-redhat-linux/3.4.6/../../../../lib64 -L/usr/lib/gcc/x86_64-redhat-linux/3.4.6/../../.. -L/lib/../lib64 -L/usr/lib/../lib64 CMakeFiles/cmTryCompileExec2648590368.dir/CMakeCXXCompilerABI.cpp.o -lstdc++ -lm -lgcc_s -lgcc -lc -lgcc_s -lgcc /usr/lib/gcc/x86_64-redhat-linux/3.4.6/crtend.o /usr/lib/gcc/x86_64-redhat-linux/3.4.6/../../../../lib64/crtn.o]
    arg [/usr/libexec/gcc/x86_64-redhat-linux/3.4.6/collect2] ==> ignore
    arg [--eh-frame-hdr] ==> ignore
    arg [-m] ==> ignore
    arg [elf_x86_64] ==> ignore
    arg [-export-dynamic] ==> ignore
    arg [-dynamic-linker] ==> ignore
    arg [/lib64/ld-linux-x86-64.so.2] ==> ignore
    arg [-o] ==> ignore
    arg [cmTryCompileExec2648590368] ==> ignore
    arg [/usr/lib/gcc/x86_64-redhat-linux/3.4.6/../../../../lib64/crt1.o] ==> ignore
    arg [/usr/lib/gcc/x86_64-redhat-linux/3.4.6/../../../../lib64/crti.o] ==> ignore
    arg [/usr/lib/gcc/x86_64-redhat-linux/3.4.6/crtbegin.o] ==> ignore
    arg [-L/usr/lib/gcc/x86_64-redhat-linux/3.4.6] ==> dir [/usr/lib/gcc/x86_64-redhat-linux/3.4.6]
    arg [-L/usr/lib/gcc/x86_64-redhat-linux/3.4.6] ==> dir [/usr/lib/gcc/x86_64-redhat-linux/3.4.6]
    arg [-L/usr/lib/gcc/x86_64-redhat-linux/3.4.6/../../../../lib64] ==> dir [/usr/lib/gcc/x86_64-redhat-linux/3.4.6/../../../../lib64]
    arg [-L/usr/lib/gcc/x86_64-redhat-linux/3.4.6/../../..] ==> dir [/usr/lib/gcc/x86_64-redhat-linux/3.4.6/../../..]
    arg [-L/lib/../lib64] ==> dir [/lib/../lib64]
    arg [-L/usr/lib/../lib64] ==> dir [/usr/lib/../lib64]
    arg [CMakeFiles/cmTryCompileExec2648590368.dir/CMakeCXXCompilerABI.cpp.o] ==> ignore
    arg [-lstdc++] ==> lib [stdc++]
    arg [-lm] ==> lib [m]
    arg [-lgcc_s] ==> lib [gcc_s]
    arg [-lgcc] ==> lib [gcc]
    arg [-lc] ==> lib [c]
    arg [-lgcc_s] ==> lib [gcc_s]
    arg [-lgcc] ==> lib [gcc]
    arg [/usr/lib/gcc/x86_64-redhat-linux/3.4.6/crtend.o] ==> ignore
    arg [/usr/lib/gcc/x86_64-redhat-linux/3.4.6/../../../../lib64/crtn.o] ==> ignore
  remove lib [gcc_s]
  remove lib [gcc]
  remove lib [gcc_s]
  remove lib [gcc]
  collapse library dir [/usr/lib/gcc/x86_64-redhat-linux/3.4.6] ==> [/usr/lib/gcc/x86_64-redhat-linux/3.4.6]
  collapse library dir [/usr/lib/gcc/x86_64-redhat-linux/3.4.6] ==> [/usr/lib/gcc/x86_64-redhat-linux/3.4.6]
  collapse library dir [/usr/lib/gcc/x86_64-redhat-linux/3.4.6/../../../../lib64] ==> [/usr/lib64]
  collapse library dir [/usr/lib/gcc/x86_64-redhat-linux/3.4.6/../../..] ==> [/usr/lib]
  collapse library dir [/lib/../lib64] ==> [/lib64]
  collapse library dir [/usr/lib/../lib64] ==> [/usr/lib64]
  implicit libs: [stdc++;m;c]
  implicit dirs: [/usr/lib/gcc/x86_64-redhat-linux/3.4.6;/usr/lib64;/usr/lib;/lib64]
  implicit fwks: []


